This file contains any messages produced by compilers while
running configure, to aid debugging if configure makes a mistake.

It was created by sqlcipher configure 3.8.4.3, which was
generated by GNU Autoconf 2.69.  Invocation command line was

  $ ./configure --enable-tempstore=yes --with-crypto-lib=commoncrypto CFLAGS=-DSQLITE_HAS_CODEC -DSQLITE_TEMP_STORE=2

## --------- ##
## Platform. ##
## --------- ##

hostname = deniss-MacBook-Pro.local
uname -m = x86_64
uname -r = 14.1.0
uname -s = Darwin
uname -v = Darwin Kernel Version 14.1.0: Thu Feb 26 19:26:47 PST 2015; root:xnu-2782.10.73~1/RELEASE_X86_64

/usr/bin/uname -p = i386
/bin/uname -X     = unknown

/bin/arch              = unknown
/usr/bin/arch -k       = unknown
/usr/convex/getsysinfo = unknown
/usr/bin/hostinfo      = Mach kernel version:
	 Darwin Kernel Version 14.1.0: Thu Feb 26 19:26:47 PST 2015; root:xnu-2782.10.73~1/RELEASE_X86_64
Kernel configured for up to 4 processors.
2 processors are physically available.
4 processors are logically available.
Processor type: i486 (Intel 80486)
Processors active: 0 1 2 3
Primary memory available: 4.00 gigabytes
Default processor set: 181 tasks, 915 threads, 4 processors
Load average: 2.22, Mach factor: 1.77
/bin/machine           = unknown
/usr/bin/oslevel       = unknown
/bin/universe          = unknown

PATH: /Users/denis/Downloads/Xcode 2.app/Contents/Developer/Toolchains/XcodeDefault.xctoolchain/usr/bin
PATH: /Users/denis/Downloads/Xcode 2.app/Contents/Developer/Toolchains/XcodeDefault.xctoolchain/usr/libexec
PATH: /Users/denis/Downloads/Xcode 2.app/Contents/Developer/Platforms/iPhoneOS.platform/Developer/usr/bin
PATH: /Users/denis/Downloads/Xcode 2.app/Contents/Developer/Platforms/iPhoneOS.platform/Developer/usr/local/bin
PATH: /Users/denis/Downloads/Xcode 2.app/Contents/Developer/Platforms/iPhoneOS.platform/usr/bin
PATH: /Users/denis/Downloads/Xcode 2.app/Contents/Developer/Platforms/iPhoneOS.platform/usr/local/bin
PATH: /Users/denis/Downloads/Xcode 2.app/Contents/Developer/usr/bin
PATH: /Users/denis/Downloads/Xcode 2.app/Contents/Developer/usr/local/bin
PATH: /Users/denis/Downloads/Xcode 2.app/Contents/Developer/Tools
PATH: /usr/bin
PATH: /bin
PATH: /usr/sbin
PATH: /sbin


## ----------- ##
## Core tests. ##
## ----------- ##

configure:2475: checking build system type
configure:2489: result: i386-apple-darwin14.1.0
configure:2509: checking host system type
configure:2522: result: i386-apple-darwin14.1.0
configure:2590: checking for gcc
configure:2606: found /Users/denis/Downloads/Xcode 2.app/Contents/Developer/usr/bin/gcc
configure:2617: result: gcc
configure:2846: checking for C compiler version
configure:2855: gcc --version >&5
Apple LLVM version 6.0 (clang-600.0.57) (based on LLVM 3.5svn)
Target: x86_64-apple-darwin14.1.0
Thread model: posix
Configured with: --prefix=/Users/denis/Downloads/Xcode 2.app/Contents/Developer/usr --with-gxx-include-dir=/Users/denis/Downloads/Xcode 2.app/Contents/Developer/Platforms/iPhoneOS.platform/Developer/SDKs/iPhoneOS8.2.sdk/usr/include/c++/4.2.1
configure:2866: $? = 0
configure:2855: gcc -v >&5
Configured with: --prefix=/Users/denis/Downloads/Xcode 2.app/Contents/Developer/usr --with-gxx-include-dir=/Users/denis/Downloads/Xcode 2.app/Contents/Developer/Platforms/iPhoneOS.platform/Developer/SDKs/iPhoneOS8.2.sdk/usr/include/c++/4.2.1
Apple LLVM version 6.0 (clang-600.0.57) (based on LLVM 3.5svn)
Target: x86_64-apple-darwin14.1.0
Thread model: posix
configure:2866: $? = 0
configure:2855: gcc -V >&5
clang: error: argument to '-V' is missing (expected 1 value)
clang: error: no input files
configure:2866: $? = 1
configure:2855: gcc -qversion >&5
clang: error: unknown argument: '-qversion'
clang: error: no input files
configure:2866: $? = 1
configure:2886: checking whether the C compiler works
configure:2908: gcc -DSQLITE_HAS_CODEC -DSQLITE_TEMP_STORE=2   conftest.c  >&5
ld: warning: ignoring file /Users/denis/Downloads/Xcode 2.app/Contents/Developer/Platforms/iPhoneOS.platform/Developer/SDKs/iPhoneOS8.2.sdk/usr/lib/libSystem.dylib, missing required architecture x86_64 in file /Users/denis/Downloads/Xcode 2.app/Contents/Developer/Platforms/iPhoneOS.platform/Developer/SDKs/iPhoneOS8.2.sdk/usr/lib/libSystem.dylib (3 slices)
Undefined symbols for architecture x86_64:
  "start", referenced from:
     implicit entry/start for main executable
ld: symbol(s) not found for architecture x86_64
clang: error: linker command failed with exit code 1 (use -v to see invocation)
configure:2912: $? = 1
configure:2950: result: no
configure: failed program was:
| /* confdefs.h */
| #define PACKAGE_NAME "sqlcipher"
| #define PACKAGE_TARNAME "sqlcipher"
| #define PACKAGE_VERSION "3.8.6"
| #define PACKAGE_STRING "sqlite 3.8.6"
| #define PACKAGE_BUGREPORT ""
| #define PACKAGE_URL ""
| /* end confdefs.h.  */
| 
| int
| main ()
| {
| 
|   ;
|   return 0;
| }
configure:2955: error: in `/Users/denis/Documents/code/SQLCipherApp/sqlcipher':
configure:2957: error: C compiler cannot create executables
See `config.log' for more details

## ---------------- ##
## Cache variables. ##
## ---------------- ##

ac_cv_build=i386-apple-darwin14.1.0
ac_cv_env_CC_set=
ac_cv_env_CC_value=
ac_cv_env_CFLAGS_set=set
ac_cv_env_CFLAGS_value='-DSQLITE_HAS_CODEC -DSQLITE_TEMP_STORE=2'
ac_cv_env_CPPFLAGS_set=
ac_cv_env_CPPFLAGS_value=
ac_cv_env_CPP_set=
ac_cv_env_CPP_value=
ac_cv_env_LDFLAGS_set=
ac_cv_env_LDFLAGS_value=
ac_cv_env_LIBS_set=
ac_cv_env_LIBS_value=
ac_cv_env_TCLLIBDIR_set=
ac_cv_env_TCLLIBDIR_value=
ac_cv_env_build_alias_set=
ac_cv_env_build_alias_value=
ac_cv_env_host_alias_set=
ac_cv_env_host_alias_value=
ac_cv_env_target_alias_set=
ac_cv_env_target_alias_value=
ac_cv_host=i386-apple-darwin14.1.0
ac_cv_prog_ac_ct_CC=gcc

## ----------------- ##
## Output variables. ##
## ----------------- ##

ALLOWRELEASE=''
AR=''
AWK=''
BUILD_CC=''
BUILD_CFLAGS=''
BUILD_EXEEXT=''
CC='gcc'
CFLAGS='-DSQLITE_HAS_CODEC -DSQLITE_TEMP_STORE=2'
CPP=''
CPPFLAGS=''
DEFS=''
DSYMUTIL=''
DUMPBIN=''
ECHO_C=''
ECHO_N='-n'
ECHO_T=''
EGREP=''
EXEEXT=''
FGREP=''
GREP=''
HAVE_TCL=''
INSTALL_DATA=''
INSTALL_PROGRAM=''
INSTALL_SCRIPT=''
LD=''
LDFLAGS=''
LIBOBJS=''
LIBS=''
LIBTOOL=''
LIPO=''
LN_S=''
LTLIBOBJS=''
NM=''
NMEDIT=''
OBJDUMP=''
OBJEXT=''
OPT_FEATURE_FLAGS=''
OTOOL64=''
OTOOL=''
PACKAGE_BUGREPORT=''
PACKAGE_NAME='sqlcipher'
PACKAGE_STRING='sqlite 3.8.6'
PACKAGE_TARNAME='sqlcipher'
PACKAGE_URL=''
PACKAGE_VERSION='3.8.6'
PATH_SEPARATOR=':'
RANLIB=''
RELEASE=''
SED='/usr/bin/sed'
SHELL='/bin/sh'
SQLITE_OS_UNIX=''
SQLITE_OS_WIN=''
SQLITE_THREADSAFE=''
STRIP=''
TARGET_DEBUG=''
TARGET_EXEEXT=''
TARGET_HAVE_READLINE=''
TARGET_READLINE_INC=''
TARGET_READLINE_LIBS=''
TCLLIBDIR=''
TCLSH_CMD=''
TCL_BIN_DIR=''
TCL_INCLUDE_SPEC=''
TCL_LIB_FILE=''
TCL_LIB_FLAG=''
TCL_LIB_SPEC=''
TCL_SRC_DIR=''
TCL_STUB_LIB_FILE=''
TCL_STUB_LIB_FLAG=''
TCL_STUB_LIB_SPEC=''
TCL_VERSION=''
TEMP_STORE=''
USE_AMALGAMATION=''
USE_GCOV=''
VERSION=''
VERSION_NUMBER=''
XTHREADCONNECT=''
ac_ct_CC='gcc'
ac_ct_DUMPBIN=''
bindir='${exec_prefix}/bin'
build='i386-apple-darwin14.1.0'
build_alias=''
build_cpu='i386'
build_os='darwin14.1.0'
build_vendor='apple'
datadir='${datarootdir}'
datarootdir='${prefix}/share'
docdir='${datarootdir}/doc/${PACKAGE_TARNAME}'
dvidir='${docdir}'
exec_prefix='NONE'
host='i386-apple-darwin14.1.0'
host_alias=''
host_cpu='i386'
host_os='darwin14.1.0'
host_vendor='apple'
htmldir='${docdir}'
includedir='${prefix}/include'
infodir='${datarootdir}/info'
libdir='${exec_prefix}/lib'
libexecdir='${exec_prefix}/libexec'
localedir='${datarootdir}/locale'
localstatedir='${prefix}/var'
lt_ECHO='echo'
mandir='${datarootdir}/man'
oldincludedir='/usr/include'
pdfdir='${docdir}'
prefix='NONE'
program_prefix='NONE'
program_transform_name='s,x,x,'
psdir='${docdir}'
sbindir='${exec_prefix}/sbin'
sharedstatedir='${prefix}/com'
sysconfdir='${prefix}/etc'
target_alias=''

## ----------- ##
## confdefs.h. ##
## ----------- ##

/* confdefs.h */
#define PACKAGE_NAME "sqlcipher"
#define PACKAGE_TARNAME "sqlcipher"
#define PACKAGE_VERSION "3.8.6"
#define PACKAGE_STRING "sqlite 3.8.6"
#define PACKAGE_BUGREPORT ""
#define PACKAGE_URL ""

configure: exit 77
